2023-07-06T07:44:48+00:00 DEBUG Automattic\WooCommerce\GoogleListingsAndAds\Product\WCProductAdapter::map_product_categories Product category (ID: 2603): ["Komplett-Pakete"].
2023-07-06T07:44:48+00:00 DEBUG Automattic\WooCommerce\GoogleListingsAndAds\Product\WCProductAdapter::map_product_categories Product category (ID: 2603): ["Komplett-Pakete"].
2023-07-06T07:44:48+00:00 DEBUG Automattic\WooCommerce\GoogleListingsAndAds\Product\WCProductAdapter::map_product_categories Product category (ID: 2603): ["Komplett-Pakete"].
2023-07-06T07:44:48+00:00 DEBUG Automattic\WooCommerce\GoogleListingsAndAds\Product\WCProductAdapter::map_product_categories Product category (ID: 2603): ["Komplett-Pakete"].
2023-07-06T07:44:48+00:00 DEBUG Automattic\WooCommerce\GoogleListingsAndAds\Product\WCProductAdapter::map_product_categories Product category (ID: 2603): ["Komplett-Pakete"].
2023-07-06T07:44:48+00:00 DEBUG Automattic\WooCommerce\GoogleListingsAndAds\Product\WCProductAdapter::map_product_categories Product category (ID: 2603): ["Komplett-Pakete"].
2023-07-06T07:44:48+00:00 DEBUG Automattic\WooCommerce\GoogleListingsAndAds\Product\WCProductAdapter::map_product_categories Product category (ID: 2603): ["Komplett-Pakete"].
2023-07-06T07:44:48+00:00 DEBUG Automattic\WooCommerce\GoogleListingsAndAds\Product\WCProductAdapter::map_product_categories Product category (ID: 2603): ["Komplett-Pakete"].
2023-07-06T07:44:48+00:00 DEBUG Automattic\WooCommerce\GoogleListingsAndAds\Product\WCProductAdapter::map_product_categories Product category (ID: 2603): ["Komplett-Pakete"].
2023-07-06T07:44:48+00:00 DEBUG Automattic\WooCommerce\GoogleListingsAndAds\Product\WCProductAdapter::map_product_categories Product category (ID: 2603): ["Komplett-Pakete"].
2023-07-06T07:44:48+00:00 DEBUG Automattic\WooCommerce\GoogleListingsAndAds\Product\WCProductAdapter::map_product_categories Product category (ID: 2603): ["Komplett-Pakete"].
2023-07-06T07:44:48+00:00 DEBUG Automattic\WooCommerce\GoogleListingsAndAds\Product\WCProductAdapter::map_product_categories Product category (ID: 2603): ["Komplett-Pakete"].
2023-07-06T07:44:50+00:00 DEBUG Automattic\WooCommerce\GoogleListingsAndAds\Product\ProductSyncer::update_by_batch_requests Submitted 12 products:
[{"woocommerce_id":2604,"google_id":"online:de:AT:gla_2604"},{"woocommerce_id":2605,"google_id":"online:de:AT:gla_2605"},{"woocommerce_id":2606,"google_id":"online:de:AT:gla_2606"},{"woocommerce_id":2607,"google_id":"online:de:AT:gla_2607"},{"woocommerce_id":2608,"google_id":"online:de:AT:gla_2608"},{"woocommerce_id":2609,"google_id":"online:de:AT:gla_2609"},{"woocommerce_id":2610,"google_id":"online:de:AT:gla_2610"},{"woocommerce_id":2611,"google_id":"online:de:AT:gla_2611"},{"woocommerce_id":2612,"google_id":"online:de:AT:gla_2612"},{"woocommerce_id":2613,"google_id":"online:de:AT:gla_2613"},{"woocommerce_id":2614,"google_id":"online:de:AT:gla_2614"},{"woocommerce_id":2615,"google_id":"online:de:AT:gla_2615"}]
2023-07-06T07:56:22+00:00 DEBUG Automattic\WooCommerce\GoogleListingsAndAds\Product\WCProductAdapter::map_product_categories Product category (ID: 2603): ["Komplett-Pakete"].
2023-07-06T07:56:22+00:00 DEBUG Automattic\WooCommerce\GoogleListingsAndAds\Product\WCProductAdapter::map_product_categories Product category (ID: 2603): ["Komplett-Pakete"].
2023-07-06T07:56:22+00:00 DEBUG Automattic\WooCommerce\GoogleListingsAndAds\Product\WCProductAdapter::map_product_categories Product category (ID: 2603): ["Komplett-Pakete"].
2023-07-06T07:56:22+00:00 DEBUG Automattic\WooCommerce\GoogleListingsAndAds\Product\WCProductAdapter::map_product_categories Product category (ID: 2603): ["Komplett-Pakete"].
2023-07-06T07:56:22+00:00 DEBUG Automattic\WooCommerce\GoogleListingsAndAds\Product\WCProductAdapter::map_product_categories Product category (ID: 2603): ["Komplett-Pakete"].
2023-07-06T07:56:22+00:00 DEBUG Automattic\WooCommerce\GoogleListingsAndAds\Product\WCProductAdapter::map_product_categories Product category (ID: 2603): ["Komplett-Pakete"].
2023-07-06T07:56:22+00:00 DEBUG Automattic\WooCommerce\GoogleListingsAndAds\Product\WCProductAdapter::map_product_categories Product category (ID: 2603): ["Komplett-Pakete"].
2023-07-06T07:56:22+00:00 DEBUG Automattic\WooCommerce\GoogleListingsAndAds\Product\WCProductAdapter::map_product_categories Product category (ID: 2603): ["Komplett-Pakete"].
2023-07-06T07:56:22+00:00 DEBUG Automattic\WooCommerce\GoogleListingsAndAds\Product\WCProductAdapter::map_product_categories Product category (ID: 2603): ["Komplett-Pakete"].
2023-07-06T07:56:22+00:00 DEBUG Automattic\WooCommerce\GoogleListingsAndAds\Product\WCProductAdapter::map_product_categories Product category (ID: 2603): ["Komplett-Pakete"].
2023-07-06T07:56:22+00:00 DEBUG Automattic\WooCommerce\GoogleListingsAndAds\Product\WCProductAdapter::map_product_categories Product category (ID: 2603): ["Komplett-Pakete"].
2023-07-06T07:56:22+00:00 DEBUG Automattic\WooCommerce\GoogleListingsAndAds\Product\WCProductAdapter::map_product_categories Product category (ID: 2603): ["Komplett-Pakete"].
2023-07-06T07:56:24+00:00 DEBUG Automattic\WooCommerce\GoogleListingsAndAds\Product\ProductSyncer::update_by_batch_requests Submitted 12 products:
[{"woocommerce_id":2604,"google_id":"online:de:AT:gla_2604"},{"woocommerce_id":2605,"google_id":"online:de:AT:gla_2605"},{"woocommerce_id":2606,"google_id":"online:de:AT:gla_2606"},{"woocommerce_id":2607,"google_id":"online:de:AT:gla_2607"},{"woocommerce_id":2608,"google_id":"online:de:AT:gla_2608"},{"woocommerce_id":2609,"google_id":"online:de:AT:gla_2609"},{"woocommerce_id":2610,"google_id":"online:de:AT:gla_2610"},{"woocommerce_id":2611,"google_id":"online:de:AT:gla_2611"},{"woocommerce_id":2612,"google_id":"online:de:AT:gla_2612"},{"woocommerce_id":2613,"google_id":"online:de:AT:gla_2613"},{"woocommerce_id":2614,"google_id":"online:de:AT:gla_2614"},{"woocommerce_id":2615,"google_id":"online:de:AT:gla_2615"}]
2023-07-06T07:57:25+00:00 DEBUG Automattic\WooCommerce\GoogleListingsAndAds\Product\WCProductAdapter::map_product_categories Product category (ID: 2603): ["Komplett-Pakete"].
2023-07-06T07:57:25+00:00 DEBUG Automattic\WooCommerce\GoogleListingsAndAds\Product\WCProductAdapter::map_product_categories Product category (ID: 2603): ["Komplett-Pakete"].
2023-07-06T07:57:25+00:00 DEBUG Automattic\WooCommerce\GoogleListingsAndAds\Product\WCProductAdapter::map_product_categories Product category (ID: 2603): ["Komplett-Pakete"].
2023-07-06T07:57:25+00:00 DEBUG Automattic\WooCommerce\GoogleListingsAndAds\Product\WCProductAdapter::map_product_categories Product category (ID: 2603): ["Komplett-Pakete"].
2023-07-06T07:57:25+00:00 DEBUG Automattic\WooCommerce\GoogleListingsAndAds\Product\WCProductAdapter::map_product_categories Product category (ID: 2603): ["Komplett-Pakete"].
2023-07-06T07:57:25+00:00 DEBUG Automattic\WooCommerce\GoogleListingsAndAds\Product\WCProductAdapter::map_product_categories Product category (ID: 2603): ["Komplett-Pakete"].
2023-07-06T07:57:25+00:00 DEBUG Automattic\WooCommerce\GoogleListingsAndAds\Product\WCProductAdapter::map_product_categories Product category (ID: 2603): ["Komplett-Pakete"].
2023-07-06T07:57:25+00:00 DEBUG Automattic\WooCommerce\GoogleListingsAndAds\Product\WCProductAdapter::map_product_categories Product category (ID: 2603): ["Komplett-Pakete"].
2023-07-06T07:57:25+00:00 DEBUG Automattic\WooCommerce\GoogleListingsAndAds\Product\WCProductAdapter::map_product_categories Product category (ID: 2603): ["Komplett-Pakete"].
2023-07-06T07:57:25+00:00 DEBUG Automattic\WooCommerce\GoogleListingsAndAds\Product\WCProductAdapter::map_product_categories Product category (ID: 2603): ["Komplett-Pakete"].
2023-07-06T07:57:25+00:00 DEBUG Automattic\WooCommerce\GoogleListingsAndAds\Product\WCProductAdapter::map_product_categories Product category (ID: 2603): ["Komplett-Pakete"].
2023-07-06T07:57:25+00:00 DEBUG Automattic\WooCommerce\GoogleListingsAndAds\Product\WCProductAdapter::map_product_categories Product category (ID: 2603): ["Komplett-Pakete"].
2023-07-06T07:57:26+00:00 DEBUG Automattic\WooCommerce\GoogleListingsAndAds\Product\ProductSyncer::update_by_batch_requests Submitted 12 products:
[{"woocommerce_id":2604,"google_id":"online:de:AT:gla_2604"},{"woocommerce_id":2605,"google_id":"online:de:AT:gla_2605"},{"woocommerce_id":2606,"google_id":"online:de:AT:gla_2606"},{"woocommerce_id":2607,"google_id":"online:de:AT:gla_2607"},{"woocommerce_id":2608,"google_id":"online:de:AT:gla_2608"},{"woocommerce_id":2609,"google_id":"online:de:AT:gla_2609"},{"woocommerce_id":2610,"google_id":"online:de:AT:gla_2610"},{"woocommerce_id":2611,"google_id":"online:de:AT:gla_2611"},{"woocommerce_id":2612,"google_id":"online:de:AT:gla_2612"},{"woocommerce_id":2613,"google_id":"online:de:AT:gla_2613"},{"woocommerce_id":2614,"google_id":"online:de:AT:gla_2614"},{"woocommerce_id":2615,"google_id":"online:de:AT:gla_2615"}]
2023-07-06T07:57:54+00:00 DEBUG Automattic\WooCommerce\GoogleListingsAndAds\Product\WCProductAdapter::map_product_categories Product category (ID: 2603): ["Komplett-Pakete"].
2023-07-06T07:57:54+00:00 DEBUG Automattic\WooCommerce\GoogleListingsAndAds\Product\BatchProductHelper::validate_and_generate_update_request_entries Skipping product (ID: 2604) because it does not pass validation: {"woocommerce_id":2604,"errors":["[imageLink] This value should not be blank."]}
2023-07-06T07:57:54+00:00 DEBUG Automattic\WooCommerce\GoogleListingsAndAds\Product\WCProductAdapter::map_product_categories Product category (ID: 2603): ["Komplett-Pakete"].
2023-07-06T07:57:54+00:00 DEBUG Automattic\WooCommerce\GoogleListingsAndAds\Product\BatchProductHelper::validate_and_generate_update_request_entries Skipping product (ID: 2605) because it does not pass validation: {"woocommerce_id":2605,"errors":["[imageLink] This value should not be blank."]}
2023-07-06T07:57:54+00:00 DEBUG Automattic\WooCommerce\GoogleListingsAndAds\Product\WCProductAdapter::map_product_categories Product category (ID: 2603): ["Komplett-Pakete"].
2023-07-06T07:57:54+00:00 DEBUG Automattic\WooCommerce\GoogleListingsAndAds\Product\BatchProductHelper::validate_and_generate_update_request_entries Skipping product (ID: 2606) because it does not pass validation: {"woocommerce_id":2606,"errors":["[imageLink] This value should not be blank."]}
2023-07-06T07:57:54+00:00 DEBUG Automattic\WooCommerce\GoogleListingsAndAds\Product\WCProductAdapter::map_product_categories Product category (ID: 2603): ["Komplett-Pakete"].
2023-07-06T07:57:54+00:00 DEBUG Automattic\WooCommerce\GoogleListingsAndAds\Product\BatchProductHelper::validate_and_generate_update_request_entries Skipping product (ID: 2607) because it does not pass validation: {"woocommerce_id":2607,"errors":["[imageLink] This value should not be blank."]}
2023-07-06T07:57:54+00:00 DEBUG Automattic\WooCommerce\GoogleListingsAndAds\Product\WCProductAdapter::map_product_categories Product category (ID: 2603): ["Komplett-Pakete"].
2023-07-06T07:57:54+00:00 DEBUG Automattic\WooCommerce\GoogleListingsAndAds\Product\BatchProductHelper::validate_and_generate_update_request_entries Skipping product (ID: 2608) because it does not pass validation: {"woocommerce_id":2608,"errors":["[imageLink] This value should not be blank."]}
2023-07-06T07:57:54+00:00 DEBUG Automattic\WooCommerce\GoogleListingsAndAds\Product\WCProductAdapter::map_product_categories Product category (ID: 2603): ["Komplett-Pakete"].
2023-07-06T07:57:54+00:00 DEBUG Automattic\WooCommerce\GoogleListingsAndAds\Product\BatchProductHelper::validate_and_generate_update_request_entries Skipping product (ID: 2609) because it does not pass validation: {"woocommerce_id":2609,"errors":["[imageLink] This value should not be blank."]}
2023-07-06T07:57:54+00:00 DEBUG Automattic\WooCommerce\GoogleListingsAndAds\Product\WCProductAdapter::map_product_categories Product category (ID: 2603): ["Komplett-Pakete"].
2023-07-06T07:57:54+00:00 DEBUG Automattic\WooCommerce\GoogleListingsAndAds\Product\BatchProductHelper::validate_and_generate_update_request_entries Skipping product (ID: 2610) because it does not pass validation: {"woocommerce_id":2610,"errors":["[imageLink] This value should not be blank."]}
2023-07-06T07:57:54+00:00 DEBUG Automattic\WooCommerce\GoogleListingsAndAds\Product\WCProductAdapter::map_product_categories Product category (ID: 2603): ["Komplett-Pakete"].
2023-07-06T07:57:54+00:00 DEBUG Automattic\WooCommerce\GoogleListingsAndAds\Product\BatchProductHelper::validate_and_generate_update_request_entries Skipping product (ID: 2611) because it does not pass validation: {"woocommerce_id":2611,"errors":["[imageLink] This value should not be blank."]}
2023-07-06T07:57:54+00:00 DEBUG Automattic\WooCommerce\GoogleListingsAndAds\Product\WCProductAdapter::map_product_categories Product category (ID: 2603): ["Komplett-Pakete"].
2023-07-06T07:57:54+00:00 DEBUG Automattic\WooCommerce\GoogleListingsAndAds\Product\BatchProductHelper::validate_and_generate_update_request_entries Skipping product (ID: 2612) because it does not pass validation: {"woocommerce_id":2612,"errors":["[imageLink] This value should not be blank."]}
2023-07-06T07:57:54+00:00 DEBUG Automattic\WooCommerce\GoogleListingsAndAds\Product\WCProductAdapter::map_product_categories Product category (ID: 2603): ["Komplett-Pakete"].
2023-07-06T07:57:54+00:00 DEBUG Automattic\WooCommerce\GoogleListingsAndAds\Product\BatchProductHelper::validate_and_generate_update_request_entries Skipping product (ID: 2613) because it does not pass validation: {"woocommerce_id":2613,"errors":["[imageLink] This value should not be blank."]}
2023-07-06T07:57:54+00:00 DEBUG Automattic\WooCommerce\GoogleListingsAndAds\Product\WCProductAdapter::map_product_categories Product category (ID: 2603): ["Komplett-Pakete"].
2023-07-06T07:57:54+00:00 DEBUG Automattic\WooCommerce\GoogleListingsAndAds\Product\BatchProductHelper::validate_and_generate_update_request_entries Skipping product (ID: 2614) because it does not pass validation: {"woocommerce_id":2614,"errors":["[imageLink] This value should not be blank."]}
2023-07-06T07:57:54+00:00 DEBUG Automattic\WooCommerce\GoogleListingsAndAds\Product\WCProductAdapter::map_product_categories Product category (ID: 2603): ["Komplett-Pakete"].
2023-07-06T07:57:54+00:00 DEBUG Automattic\WooCommerce\GoogleListingsAndAds\Product\BatchProductHelper::validate_and_generate_update_request_entries Skipping product (ID: 2615) because it does not pass validation: {"woocommerce_id":2615,"errors":["[imageLink] This value should not be blank."]}
2023-07-06T07:58:58+00:00 DEBUG Automattic\WooCommerce\GoogleListingsAndAds\Product\WCProductAdapter::map_product_categories Product category (ID: 2603): ["Komplett-Pakete"].
2023-07-06T07:58:58+00:00 DEBUG Automattic\WooCommerce\GoogleListingsAndAds\Product\WCProductAdapter::map_product_categories Product category (ID: 2603): ["Komplett-Pakete"].
2023-07-06T07:58:58+00:00 DEBUG Automattic\WooCommerce\GoogleListingsAndAds\Product\WCProductAdapter::map_product_categories Product category (ID: 2603): ["Komplett-Pakete"].
2023-07-06T07:58:58+00:00 DEBUG Automattic\WooCommerce\GoogleListingsAndAds\Product\WCProductAdapter::map_product_categories Product category (ID: 2603): ["Komplett-Pakete"].
2023-07-06T07:58:58+00:00 DEBUG Automattic\WooCommerce\GoogleListingsAndAds\Product\WCProductAdapter::map_product_categories Product category (ID: 2603): ["Komplett-Pakete"].
2023-07-06T07:58:58+00:00 DEBUG Automattic\WooCommerce\GoogleListingsAndAds\Product\WCProductAdapter::map_product_categories Product category (ID: 2603): ["Komplett-Pakete"].
2023-07-06T07:58:58+00:00 DEBUG Automattic\WooCommerce\GoogleListingsAndAds\Product\WCProductAdapter::map_product_categories Product category (ID: 2603): ["Komplett-Pakete"].
2023-07-06T07:58:58+00:00 DEBUG Automattic\WooCommerce\GoogleListingsAndAds\Product\WCProductAdapter::map_product_categories Product category (ID: 2603): ["Komplett-Pakete"].
2023-07-06T07:58:58+00:00 DEBUG Automattic\WooCommerce\GoogleListingsAndAds\Product\WCProductAdapter::map_product_categories Product category (ID: 2603): ["Komplett-Pakete"].
2023-07-06T07:58:58+00:00 DEBUG Automattic\WooCommerce\GoogleListingsAndAds\Product\WCProductAdapter::map_product_categories Product category (ID: 2603): ["Komplett-Pakete"].
2023-07-06T07:58:58+00:00 DEBUG Automattic\WooCommerce\GoogleListingsAndAds\Product\WCProductAdapter::map_product_categories Product category (ID: 2603): ["Komplett-Pakete"].
2023-07-06T07:58:58+00:00 DEBUG Automattic\WooCommerce\GoogleListingsAndAds\Product\WCProductAdapter::map_product_categories Product category (ID: 2603): ["Komplett-Pakete"].
2023-07-06T07:59:00+00:00 DEBUG Automattic\WooCommerce\GoogleListingsAndAds\Product\ProductSyncer::update_by_batch_requests Submitted 12 products:
[{"woocommerce_id":2604,"google_id":"online:de:AT:gla_2604"},{"woocommerce_id":2605,"google_id":"online:de:AT:gla_2605"},{"woocommerce_id":2606,"google_id":"online:de:AT:gla_2606"},{"woocommerce_id":2607,"google_id":"online:de:AT:gla_2607"},{"woocommerce_id":2608,"google_id":"online:de:AT:gla_2608"},{"woocommerce_id":2609,"google_id":"online:de:AT:gla_2609"},{"woocommerce_id":2610,"google_id":"online:de:AT:gla_2610"},{"woocommerce_id":2611,"google_id":"online:de:AT:gla_2611"},{"woocommerce_id":2612,"google_id":"online:de:AT:gla_2612"},{"woocommerce_id":2613,"google_id":"online:de:AT:gla_2613"},{"woocommerce_id":2614,"google_id":"online:de:AT:gla_2614"},{"woocommerce_id":2615,"google_id":"online:de:AT:gla_2615"}]
2023-07-06T08:09:11+00:00 DEBUG Automattic\WooCommerce\GoogleListingsAndAds\Product\WCProductAdapter::map_product_categories Product category (ID: 2617): ["Komplett-Pakete"].
2023-07-06T08:09:11+00:00 DEBUG Automattic\WooCommerce\GoogleListingsAndAds\Product\WCProductAdapter::map_product_categories Product category (ID: 2617): ["Komplett-Pakete"].
2023-07-06T08:09:11+00:00 DEBUG Automattic\WooCommerce\GoogleListingsAndAds\Product\WCProductAdapter::map_product_categories Product category (ID: 2617): ["Komplett-Pakete"].
2023-07-06T08:09:11+00:00 DEBUG Automattic\WooCommerce\GoogleListingsAndAds\Product\WCProductAdapter::map_product_categories Product category (ID: 2617): ["Komplett-Pakete"].
2023-07-06T08:09:11+00:00 DEBUG Automattic\WooCommerce\GoogleListingsAndAds\Product\WCProductAdapter::map_product_categories Product category (ID: 2617): ["Komplett-Pakete"].
2023-07-06T08:09:11+00:00 DEBUG Automattic\WooCommerce\GoogleListingsAndAds\Product\WCProductAdapter::map_product_categories Product category (ID: 2617): ["Komplett-Pakete"].
2023-07-06T08:09:11+00:00 DEBUG Automattic\WooCommerce\GoogleListingsAndAds\Product\WCProductAdapter::map_product_categories Product category (ID: 2617): ["Komplett-Pakete"].
2023-07-06T08:09:11+00:00 DEBUG Automattic\WooCommerce\GoogleListingsAndAds\Product\WCProductAdapter::map_product_categories Product category (ID: 2617): ["Komplett-Pakete"].
2023-07-06T08:09:11+00:00 DEBUG Automattic\WooCommerce\GoogleListingsAndAds\Product\WCProductAdapter::map_product_categories Product category (ID: 2617): ["Komplett-Pakete"].
2023-07-06T08:09:11+00:00 DEBUG Automattic\WooCommerce\GoogleListingsAndAds\Product\WCProductAdapter::map_product_categories Product category (ID: 2617): ["Komplett-Pakete"].
2023-07-06T08:09:11+00:00 DEBUG Automattic\WooCommerce\GoogleListingsAndAds\Product\WCProductAdapter::map_product_categories Product category (ID: 2617): ["Komplett-Pakete"].
2023-07-06T08:09:11+00:00 DEBUG Automattic\WooCommerce\GoogleListingsAndAds\Product\WCProductAdapter::map_product_categories Product category (ID: 2617): ["Komplett-Pakete"].
2023-07-06T08:09:13+00:00 DEBUG Automattic\WooCommerce\GoogleListingsAndAds\Product\ProductSyncer::update_by_batch_requests Submitted 12 products:
[{"woocommerce_id":2618,"google_id":"online:de:AT:gla_2618"},{"woocommerce_id":2619,"google_id":"online:de:AT:gla_2619"},{"woocommerce_id":2620,"google_id":"online:de:AT:gla_2620"},{"woocommerce_id":2621,"google_id":"online:de:AT:gla_2621"},{"woocommerce_id":2622,"google_id":"online:de:AT:gla_2622"},{"woocommerce_id":2623,"google_id":"online:de:AT:gla_2623"},{"woocommerce_id":2624,"google_id":"online:de:AT:gla_2624"},{"woocommerce_id":2625,"google_id":"online:de:AT:gla_2625"},{"woocommerce_id":2626,"google_id":"online:de:AT:gla_2626"},{"woocommerce_id":2627,"google_id":"online:de:AT:gla_2627"},{"woocommerce_id":2628,"google_id":"online:de:AT:gla_2628"},{"woocommerce_id":2629,"google_id":"online:de:AT:gla_2629"}]
2023-07-06T08:10:10+00:00 DEBUG Automattic\WooCommerce\GoogleListingsAndAds\Product\WCProductAdapter::map_product_categories Product category (ID: 2617): ["Komplett-Pakete"].
2023-07-06T08:10:10+00:00 DEBUG Automattic\WooCommerce\GoogleListingsAndAds\Product\WCProductAdapter::map_product_categories Product category (ID: 2617): ["Komplett-Pakete"].
2023-07-06T08:10:10+00:00 DEBUG Automattic\WooCommerce\GoogleListingsAndAds\Product\WCProductAdapter::map_product_categories Product category (ID: 2617): ["Komplett-Pakete"].
2023-07-06T08:10:10+00:00 DEBUG Automattic\WooCommerce\GoogleListingsAndAds\Product\WCProductAdapter::map_product_categories Product category (ID: 2617): ["Komplett-Pakete"].
2023-07-06T08:10:10+00:00 DEBUG Automattic\WooCommerce\GoogleListingsAndAds\Product\WCProductAdapter::map_product_categories Product category (ID: 2617): ["Komplett-Pakete"].
2023-07-06T08:10:10+00:00 DEBUG Automattic\WooCommerce\GoogleListingsAndAds\Product\WCProductAdapter::map_product_categories Product category (ID: 2617): ["Komplett-Pakete"].
2023-07-06T08:10:10+00:00 DEBUG Automattic\WooCommerce\GoogleListingsAndAds\Product\WCProductAdapter::map_product_categories Product category (ID: 2617): ["Komplett-Pakete"].
2023-07-06T08:10:10+00:00 DEBUG Automattic\WooCommerce\GoogleListingsAndAds\Product\WCProductAdapter::map_product_categories Product category (ID: 2617): ["Komplett-Pakete"].
2023-07-06T08:10:10+00:00 DEBUG Automattic\WooCommerce\GoogleListingsAndAds\Product\WCProductAdapter::map_product_categories Product category (ID: 2617): ["Komplett-Pakete"].
2023-07-06T08:10:10+00:00 DEBUG Automattic\WooCommerce\GoogleListingsAndAds\Product\WCProductAdapter::map_product_categories Product category (ID: 2617): ["Komplett-Pakete"].
2023-07-06T08:10:10+00:00 DEBUG Automattic\WooCommerce\GoogleListingsAndAds\Product\WCProductAdapter::map_product_categories Product category (ID: 2617): ["Komplett-Pakete"].
2023-07-06T08:10:10+00:00 DEBUG Automattic\WooCommerce\GoogleListingsAndAds\Product\WCProductAdapter::map_product_categories Product category (ID: 2617): ["Komplett-Pakete"].
2023-07-06T08:10:12+00:00 DEBUG Automattic\WooCommerce\GoogleListingsAndAds\Product\ProductSyncer::update_by_batch_requests Submitted 12 products:
[{"woocommerce_id":2618,"google_id":"online:de:AT:gla_2618"},{"woocommerce_id":2619,"google_id":"online:de:AT:gla_2619"},{"woocommerce_id":2620,"google_id":"online:de:AT:gla_2620"},{"woocommerce_id":2621,"google_id":"online:de:AT:gla_2621"},{"woocommerce_id":2622,"google_id":"online:de:AT:gla_2622"},{"woocommerce_id":2623,"google_id":"online:de:AT:gla_2623"},{"woocommerce_id":2624,"google_id":"online:de:AT:gla_2624"},{"woocommerce_id":2625,"google_id":"online:de:AT:gla_2625"},{"woocommerce_id":2626,"google_id":"online:de:AT:gla_2626"},{"woocommerce_id":2627,"google_id":"online:de:AT:gla_2627"},{"woocommerce_id":2628,"google_id":"online:de:AT:gla_2628"},{"woocommerce_id":2629,"google_id":"online:de:AT:gla_2629"}]
2023-07-06T08:11:48+00:00 DEBUG Automattic\WooCommerce\GoogleListingsAndAds\Coupon\CouponHelper::get_channel_visibility Channel visibility forced to "dont-sync-and-show" for visibility unknown (Post ID: 2003).
2023-07-06T08:12:25+00:00 DEBUG Automattic\WooCommerce\GoogleListingsAndAds\Coupon\CouponHelper::get_channel_visibility Channel visibility forced to "dont-sync-and-show" for visibility unknown (Post ID: 2003).
2023-07-06T08:13:19+00:00 DEBUG Automattic\WooCommerce\GoogleListingsAndAds\Product\WCProductAdapter::map_product_categories Product category (ID: 2617): ["Komplett-Pakete"].
2023-07-06T08:13:19+00:00 DEBUG Automattic\WooCommerce\GoogleListingsAndAds\Product\WCProductAdapter::map_product_categories Product category (ID: 2617): ["Komplett-Pakete"].
2023-07-06T08:13:19+00:00 DEBUG Automattic\WooCommerce\GoogleListingsAndAds\Product\WCProductAdapter::map_product_categories Product category (ID: 2617): ["Komplett-Pakete"].
2023-07-06T08:13:19+00:00 DEBUG Automattic\WooCommerce\GoogleListingsAndAds\Product\WCProductAdapter::map_product_categories Product category (ID: 2617): ["Komplett-Pakete"].
2023-07-06T08:13:19+00:00 DEBUG Automattic\WooCommerce\GoogleListingsAndAds\Product\WCProductAdapter::map_product_categories Product category (ID: 2617): ["Komplett-Pakete"].
2023-07-06T08:13:19+00:00 DEBUG Automattic\WooCommerce\GoogleListingsAndAds\Product\WCProductAdapter::map_product_categories Product category (ID: 2617): ["Komplett-Pakete"].
2023-07-06T08:13:19+00:00 DEBUG Automattic\WooCommerce\GoogleListingsAndAds\Product\WCProductAdapter::map_product_categories Product category (ID: 2617): ["Komplett-Pakete"].
2023-07-06T08:13:19+00:00 DEBUG Automattic\WooCommerce\GoogleListingsAndAds\Product\WCProductAdapter::map_product_categories Product category (ID: 2617): ["Komplett-Pakete"].
2023-07-06T08:13:19+00:00 DEBUG Automattic\WooCommerce\GoogleListingsAndAds\Product\WCProductAdapter::map_product_categories Product category (ID: 2617): ["Komplett-Pakete"].
2023-07-06T08:13:19+00:00 DEBUG Automattic\WooCommerce\GoogleListingsAndAds\Product\WCProductAdapter::map_product_categories Product category (ID: 2617): ["Komplett-Pakete"].
2023-07-06T08:13:19+00:00 DEBUG Automattic\WooCommerce\GoogleListingsAndAds\Product\WCProductAdapter::map_product_categories Product category (ID: 2617): ["Komplett-Pakete"].
2023-07-06T08:13:19+00:00 DEBUG Automattic\WooCommerce\GoogleListingsAndAds\Product\WCProductAdapter::map_product_categories Product category (ID: 2617): ["Komplett-Pakete"].
2023-07-06T08:13:21+00:00 DEBUG Automattic\WooCommerce\GoogleListingsAndAds\Product\ProductSyncer::update_by_batch_requests Submitted 12 products:
[{"woocommerce_id":2618,"google_id":"online:de:AT:gla_2618"},{"woocommerce_id":2619,"google_id":"online:de:AT:gla_2619"},{"woocommerce_id":2620,"google_id":"online:de:AT:gla_2620"},{"woocommerce_id":2621,"google_id":"online:de:AT:gla_2621"},{"woocommerce_id":2622,"google_id":"online:de:AT:gla_2622"},{"woocommerce_id":2623,"google_id":"online:de:AT:gla_2623"},{"woocommerce_id":2624,"google_id":"online:de:AT:gla_2624"},{"woocommerce_id":2625,"google_id":"online:de:AT:gla_2625"},{"woocommerce_id":2626,"google_id":"online:de:AT:gla_2626"},{"woocommerce_id":2627,"google_id":"online:de:AT:gla_2627"},{"woocommerce_id":2628,"google_id":"online:de:AT:gla_2628"},{"woocommerce_id":2629,"google_id":"online:de:AT:gla_2629"}]
2023-07-06T08:19:18+00:00 DEBUG Automattic\WooCommerce\GoogleListingsAndAds\Product\WCProductAdapter::map_product_categories Product category (ID: 2287): ["Komplett-Pakete"].
2023-07-06T08:19:18+00:00 DEBUG Automattic\WooCommerce\GoogleListingsAndAds\Product\WCProductAdapter::map_product_categories Product category (ID: 2287): ["Komplett-Pakete"].
2023-07-06T08:19:18+00:00 DEBUG Automattic\WooCommerce\GoogleListingsAndAds\Product\WCProductAdapter::map_product_categories Product category (ID: 2287): ["Komplett-Pakete"].
2023-07-06T08:19:18+00:00 DEBUG Automattic\WooCommerce\GoogleListingsAndAds\Product\WCProductAdapter::map_product_categories Product category (ID: 2287): ["Komplett-Pakete"].
2023-07-06T08:19:18+00:00 DEBUG Automattic\WooCommerce\GoogleListingsAndAds\Product\WCProductAdapter::map_product_categories Product category (ID: 2287): ["Komplett-Pakete"].
2023-07-06T08:19:18+00:00 DEBUG Automattic\WooCommerce\GoogleListingsAndAds\Product\WCProductAdapter::map_product_categories Product category (ID: 2287): ["Komplett-Pakete"].
2023-07-06T08:19:18+00:00 DEBUG Automattic\WooCommerce\GoogleListingsAndAds\Product\WCProductAdapter::map_product_categories Product category (ID: 2287): ["Komplett-Pakete"].
2023-07-06T08:19:18+00:00 DEBUG Automattic\WooCommerce\GoogleListingsAndAds\Product\WCProductAdapter::map_product_categories Product category (ID: 2287): ["Komplett-Pakete"].
2023-07-06T08:19:18+00:00 DEBUG Automattic\WooCommerce\GoogleListingsAndAds\Product\WCProductAdapter::map_product_categories Product category (ID: 2287): ["Komplett-Pakete"].
2023-07-06T08:19:18+00:00 DEBUG Automattic\WooCommerce\GoogleListingsAndAds\Product\WCProductAdapter::map_product_categories Product category (ID: 2287): ["Komplett-Pakete"].
2023-07-06T08:19:18+00:00 DEBUG Automattic\WooCommerce\GoogleListingsAndAds\Product\WCProductAdapter::map_product_categories Product category (ID: 2287): ["Komplett-Pakete"].
2023-07-06T08:19:18+00:00 DEBUG Automattic\WooCommerce\GoogleListingsAndAds\Product\WCProductAdapter::map_product_categories Product category (ID: 2287): ["Komplett-Pakete"].
2023-07-06T08:19:20+00:00 DEBUG Automattic\WooCommerce\GoogleListingsAndAds\Product\ProductSyncer::update_by_batch_requests Submitted 12 products:
[{"woocommerce_id":2574,"google_id":"online:de:AT:gla_2574"},{"woocommerce_id":2575,"google_id":"online:de:AT:gla_2575"},{"woocommerce_id":2579,"google_id":"online:de:AT:gla_2579"},{"woocommerce_id":2580,"google_id":"online:de:AT:gla_2580"},{"woocommerce_id":2584,"google_id":"online:de:AT:gla_2584"},{"woocommerce_id":2585,"google_id":"online:de:AT:gla_2585"},{"woocommerce_id":2589,"google_id":"online:de:AT:gla_2589"},{"woocommerce_id":2590,"google_id":"online:de:AT:gla_2590"},{"woocommerce_id":2591,"google_id":"online:de:AT:gla_2591"},{"woocommerce_id":2597,"google_id":"online:de:AT:gla_2597"},{"woocommerce_id":2598,"google_id":"online:de:AT:gla_2598"},{"woocommerce_id":2599,"google_id":"online:de:AT:gla_2599"}]
2023-07-06T08:20:26+00:00 DEBUG Automattic\WooCommerce\GoogleListingsAndAds\Product\WCProductAdapter::map_product_categories Product category (ID: 2287): ["Komplett-Pakete"].
2023-07-06T08:20:26+00:00 DEBUG Automattic\WooCommerce\GoogleListingsAndAds\Product\WCProductAdapter::map_product_categories Product category (ID: 2287): ["Komplett-Pakete"].
2023-07-06T08:20:27+00:00 DEBUG Automattic\WooCommerce\GoogleListingsAndAds\Product\WCProductAdapter::map_product_categories Product category (ID: 2287): ["Komplett-Pakete"].
2023-07-06T08:20:27+00:00 DEBUG Automattic\WooCommerce\GoogleListingsAndAds\Product\WCProductAdapter::map_product_categories Product category (ID: 2287): ["Komplett-Pakete"].
2023-07-06T08:20:27+00:00 DEBUG Automattic\WooCommerce\GoogleListingsAndAds\Product\WCProductAdapter::map_product_categories Product category (ID: 2287): ["Komplett-Pakete"].
2023-07-06T08:20:27+00:00 DEBUG Automattic\WooCommerce\GoogleListingsAndAds\Product\WCProductAdapter::map_product_categories Product category (ID: 2287): ["Komplett-Pakete"].
2023-07-06T08:20:27+00:00 DEBUG Automattic\WooCommerce\GoogleListingsAndAds\Product\WCProductAdapter::map_product_categories Product category (ID: 2287): ["Komplett-Pakete"].
2023-07-06T08:20:27+00:00 DEBUG Automattic\WooCommerce\GoogleListingsAndAds\Product\WCProductAdapter::map_product_categories Product category (ID: 2287): ["Komplett-Pakete"].
2023-07-06T08:20:27+00:00 DEBUG Automattic\WooCommerce\GoogleListingsAndAds\Product\WCProductAdapter::map_product_categories Product category (ID: 2287): ["Komplett-Pakete"].
2023-07-06T08:20:27+00:00 DEBUG Automattic\WooCommerce\GoogleListingsAndAds\Product\WCProductAdapter::map_product_categories Product category (ID: 2287): ["Komplett-Pakete"].
2023-07-06T08:20:27+00:00 DEBUG Automattic\WooCommerce\GoogleListingsAndAds\Product\WCProductAdapter::map_product_categories Product category (ID: 2287): ["Komplett-Pakete"].
2023-07-06T08:20:27+00:00 DEBUG Automattic\WooCommerce\GoogleListingsAndAds\Product\WCProductAdapter::map_product_categories Product category (ID: 2287): ["Komplett-Pakete"].
2023-07-06T08:20:29+00:00 DEBUG Automattic\WooCommerce\GoogleListingsAndAds\Product\ProductSyncer::update_by_batch_requests Submitted 12 products:
[{"woocommerce_id":2574,"google_id":"online:de:AT:gla_2574"},{"woocommerce_id":2575,"google_id":"online:de:AT:gla_2575"},{"woocommerce_id":2579,"google_id":"online:de:AT:gla_2579"},{"woocommerce_id":2580,"google_id":"online:de:AT:gla_2580"},{"woocommerce_id":2584,"google_id":"online:de:AT:gla_2584"},{"woocommerce_id":2585,"google_id":"online:de:AT:gla_2585"},{"woocommerce_id":2589,"google_id":"online:de:AT:gla_2589"},{"woocommerce_id":2590,"google_id":"online:de:AT:gla_2590"},{"woocommerce_id":2591,"google_id":"online:de:AT:gla_2591"},{"woocommerce_id":2597,"google_id":"online:de:AT:gla_2597"},{"woocommerce_id":2598,"google_id":"online:de:AT:gla_2598"},{"woocommerce_id":2599,"google_id":"online:de:AT:gla_2599"}]
2023-07-06T08:21:21+00:00 DEBUG Automattic\WooCommerce\GoogleListingsAndAds\Product\WCProductAdapter::map_product_categories Product category (ID: 2287): ["Komplett-Pakete"].
2023-07-06T08:21:21+00:00 DEBUG Automattic\WooCommerce\GoogleListingsAndAds\Product\WCProductAdapter::map_product_categories Product category (ID: 2287): ["Komplett-Pakete"].
2023-07-06T08:21:21+00:00 DEBUG Automattic\WooCommerce\GoogleListingsAndAds\Product\WCProductAdapter::map_product_categories Product category (ID: 2287): ["Komplett-Pakete"].
2023-07-06T08:21:21+00:00 DEBUG Automattic\WooCommerce\GoogleListingsAndAds\Product\WCProductAdapter::map_product_categories Product category (ID: 2287): ["Komplett-Pakete"].
2023-07-06T08:21:21+00:00 DEBUG Automattic\WooCommerce\GoogleListingsAndAds\Product\WCProductAdapter::map_product_categories Product category (ID: 2287): ["Komplett-Pakete"].
2023-07-06T08:21:21+00:00 DEBUG Automattic\WooCommerce\GoogleListingsAndAds\Product\WCProductAdapter::map_product_categories Product category (ID: 2287): ["Komplett-Pakete"].
2023-07-06T08:21:21+00:00 DEBUG Automattic\WooCommerce\GoogleListingsAndAds\Product\WCProductAdapter::map_product_categories Product category (ID: 2287): ["Komplett-Pakete"].
2023-07-06T08:21:21+00:00 DEBUG Automattic\WooCommerce\GoogleListingsAndAds\Product\WCProductAdapter::map_product_categories Product category (ID: 2287): ["Komplett-Pakete"].
2023-07-06T08:21:21+00:00 DEBUG Automattic\WooCommerce\GoogleListingsAndAds\Product\WCProductAdapter::map_product_categories Product category (ID: 2287): ["Komplett-Pakete"].
2023-07-06T08:21:21+00:00 DEBUG Automattic\WooCommerce\GoogleListingsAndAds\Product\WCProductAdapter::map_product_categories Product category (ID: 2287): ["Komplett-Pakete"].
2023-07-06T08:21:21+00:00 DEBUG Automattic\WooCommerce\GoogleListingsAndAds\Product\WCProductAdapter::map_product_categories Product category (ID: 2287): ["Komplett-Pakete"].
2023-07-06T08:21:21+00:00 DEBUG Automattic\WooCommerce\GoogleListingsAndAds\Product\WCProductAdapter::map_product_categories Product category (ID: 2287): ["Komplett-Pakete"].
2023-07-06T08:21:23+00:00 DEBUG Automattic\WooCommerce\GoogleListingsAndAds\Product\ProductSyncer::update_by_batch_requests Submitted 12 products:
[{"woocommerce_id":2574,"google_id":"online:de:AT:gla_2574"},{"woocommerce_id":2575,"google_id":"online:de:AT:gla_2575"},{"woocommerce_id":2579,"google_id":"online:de:AT:gla_2579"},{"woocommerce_id":2580,"google_id":"online:de:AT:gla_2580"},{"woocommerce_id":2584,"google_id":"online:de:AT:gla_2584"},{"woocommerce_id":2585,"google_id":"online:de:AT:gla_2585"},{"woocommerce_id":2589,"google_id":"online:de:AT:gla_2589"},{"woocommerce_id":2590,"google_id":"online:de:AT:gla_2590"},{"woocommerce_id":2591,"google_id":"online:de:AT:gla_2591"},{"woocommerce_id":2597,"google_id":"online:de:AT:gla_2597"},{"woocommerce_id":2598,"google_id":"online:de:AT:gla_2598"},{"woocommerce_id":2599,"google_id":"online:de:AT:gla_2599"}]
2023-07-06T09:36:07+00:00 DEBUG Automattic\WooCommerce\GoogleListingsAndAds\Coupon\CouponHelper::get_channel_visibility Channel visibility forced to "dont-sync-and-show" for visibility unknown (Post ID: 2725).
2023-07-06T09:36:46+00:00 DEBUG Automattic\WooCommerce\GoogleListingsAndAds\Coupon\CouponHelper::get_channel_visibility Channel visibility forced to "dont-sync-and-show" for visibility unknown (Post ID: 2725).
2023-07-06T09:36:50+00:00 DEBUG Automattic\WooCommerce\GoogleListingsAndAds\Coupon\CouponHelper::get_channel_visibility Channel visibility forced to "dont-sync-and-show" for visibility unknown (Post ID: 2725).
2023-07-06T10:59:32+00:00 DEBUG Automattic\WooCommerce\GoogleListingsAndAds\Product\WCProductAdapter::map_product_categories Product category (ID: 2632): ["Komplett-Pakete"].
2023-07-06T10:59:34+00:00 DEBUG Automattic\WooCommerce\GoogleListingsAndAds\Product\ProductSyncer::update_by_batch_requests Submitted 1 products:
[{"woocommerce_id":2632,"google_id":"online:de:AT:gla_2632"}]
2023-07-06T11:07:31+00:00 DEBUG Automattic\WooCommerce\GoogleListingsAndAds\Product\WCProductAdapter::map_product_categories Product category (ID: 1083): ["Solarmodule"].
2023-07-06T11:07:32+00:00 DEBUG Automattic\WooCommerce\GoogleListingsAndAds\Product\ProductSyncer::update_by_batch_requests Submitted 1 products:
[{"woocommerce_id":1083,"google_id":"online:de:AT:gla_1083"}]
2023-07-06T11:10:13+00:00 DEBUG Automattic\WooCommerce\GoogleListingsAndAds\Product\WCProductAdapter::map_product_categories Product category (ID: 1108): ["Solarmodule"].
2023-07-06T11:10:15+00:00 DEBUG Automattic\WooCommerce\GoogleListingsAndAds\Product\ProductSyncer::update_by_batch_requests Submitted 1 products:
[{"woocommerce_id":1108,"google_id":"online:de:AT:gla_1108"}]
2023-07-06T11:14:16+00:00 DEBUG Automattic\WooCommerce\GoogleListingsAndAds\Product\WCProductAdapter::map_product_categories Product category (ID: 1656): ["Solarmodule"].
2023-07-06T11:14:18+00:00 DEBUG Automattic\WooCommerce\GoogleListingsAndAds\Product\ProductSyncer::update_by_batch_requests Submitted 1 products:
[{"woocommerce_id":1656,"google_id":"online:de:AT:gla_1656"}]
2023-07-06T11:22:18+00:00 DEBUG Automattic\WooCommerce\GoogleListingsAndAds\Product\WCProductAdapter::map_product_categories Product category (ID: 2339): ["Solarmodule"].
2023-07-06T11:22:19+00:00 DEBUG Automattic\WooCommerce\GoogleListingsAndAds\Product\ProductSyncer::update_by_batch_requests Submitted 1 products:
[{"woocommerce_id":2339,"google_id":"online:de:AT:gla_2339"}]
2023-07-06T11:25:09+00:00 DEBUG Automattic\WooCommerce\GoogleListingsAndAds\Product\WCProductAdapter::map_product_categories Product category (ID: 2189): ["Solarmodule"].
2023-07-06T11:25:10+00:00 DEBUG Automattic\WooCommerce\GoogleListingsAndAds\Product\ProductSyncer::update_by_batch_requests Submitted 1 products:
[{"woocommerce_id":2189,"google_id":"online:de:AT:gla_2189"}]
2023-07-06T11:37:44+00:00 DEBUG Automattic\WooCommerce\GoogleListingsAndAds\Product\WCProductAdapter::map_product_categories Product category (ID: 2339): ["Solarmodule"].
2023-07-06T11:37:46+00:00 DEBUG Automattic\WooCommerce\GoogleListingsAndAds\Product\ProductSyncer::update_by_batch_requests Submitted 1 products:
[{"woocommerce_id":2339,"google_id":"online:de:AT:gla_2339"}]
