2023-06-24T03:42:52+00:00 DEBUG Automattic\WooCommerce\GoogleListingsAndAds\Product\WCProductAdapter::map_product_categories Product category (ID: 843): ["Wechselrichter"].
2023-06-24T03:42:52+00:00 DEBUG Automattic\WooCommerce\GoogleListingsAndAds\Product\WCProductAdapter::map_product_categories Product category (ID: 869): ["Wechselrichter"].
2023-06-24T03:42:52+00:00 DEBUG Automattic\WooCommerce\GoogleListingsAndAds\Product\WCProductAdapter::map_product_categories Product category (ID: 872): ["Wechselrichter"].
2023-06-24T03:42:52+00:00 DEBUG Automattic\WooCommerce\GoogleListingsAndAds\Product\WCProductAdapter::map_product_categories Product category (ID: 874): ["Wechselrichter"].
2023-06-24T03:42:52+00:00 DEBUG Automattic\WooCommerce\GoogleListingsAndAds\Product\WCProductAdapter::map_product_categories Product category (ID: 897): ["Wechselrichter"].
2023-06-24T03:42:52+00:00 DEBUG Automattic\WooCommerce\GoogleListingsAndAds\Product\WCProductAdapter::map_product_categories Product category (ID: 898): ["Wechselrichter"].
2023-06-24T03:42:52+00:00 DEBUG Automattic\WooCommerce\GoogleListingsAndAds\Product\WCProductAdapter::map_product_categories Product category (ID: 899): ["Wechselrichter"].
2023-06-24T03:42:52+00:00 DEBUG Automattic\WooCommerce\GoogleListingsAndAds\Product\WCProductAdapter::map_product_categories Product category (ID: 900): ["Wechselrichter"].
2023-06-24T03:42:52+00:00 DEBUG Automattic\WooCommerce\GoogleListingsAndAds\Product\WCProductAdapter::map_product_categories Product category (ID: 915): ["Wechselrichter"].
2023-06-24T03:42:52+00:00 DEBUG Automattic\WooCommerce\GoogleListingsAndAds\Product\WCProductAdapter::map_product_categories Product category (ID: 949): ["Stromspeicher"].
2023-06-24T03:42:52+00:00 DEBUG Automattic\WooCommerce\GoogleListingsAndAds\Product\WCProductAdapter::map_product_categories Product category (ID: 975): ["Stromspeicher"].
2023-06-24T03:42:52+00:00 DEBUG Automattic\WooCommerce\GoogleListingsAndAds\Product\WCProductAdapter::map_product_categories Product category (ID: 976): ["Stromspeicher"].
2023-06-24T03:42:52+00:00 DEBUG Automattic\WooCommerce\GoogleListingsAndAds\Product\WCProductAdapter::map_product_categories Product category (ID: 1013): ["Zubeh\u00f6r"].
2023-06-24T03:42:52+00:00 DEBUG Automattic\WooCommerce\GoogleListingsAndAds\Product\WCProductAdapter::map_product_categories Product category (ID: 1053): ["Zubeh\u00f6r"].
2023-06-24T03:42:52+00:00 DEBUG Automattic\WooCommerce\GoogleListingsAndAds\Product\WCProductAdapter::map_product_categories Product category (ID: 1054): ["Zubeh\u00f6r"].
2023-06-24T03:42:52+00:00 DEBUG Automattic\WooCommerce\GoogleListingsAndAds\Product\WCProductAdapter::map_product_categories Product category (ID: 1665): ["Solarmodule"].
2023-06-24T03:42:52+00:00 DEBUG Automattic\WooCommerce\GoogleListingsAndAds\Product\WCProductAdapter::map_product_categories Product category (ID: 1665): ["Solarmodule"].
2023-06-24T03:42:52+00:00 DEBUG Automattic\WooCommerce\GoogleListingsAndAds\Product\WCProductAdapter::map_product_categories Product category (ID: 1665): ["Solarmodule"].
2023-06-24T03:42:52+00:00 DEBUG Automattic\WooCommerce\GoogleListingsAndAds\Product\WCProductAdapter::map_product_categories Product category (ID: 1665): ["Solarmodule"].
2023-06-24T03:42:52+00:00 DEBUG Automattic\WooCommerce\GoogleListingsAndAds\Product\WCProductAdapter::map_product_categories Product category (ID: 1961): ["Wechselrichter"].
2023-06-24T03:42:54+00:00 DEBUG Automattic\WooCommerce\GoogleListingsAndAds\Product\ProductSyncer::update_by_batch_requests Submitted 20 products:
[{"woocommerce_id":843,"google_id":"online:de:AT:gla_843"},{"woocommerce_id":869,"google_id":"online:de:AT:gla_869"},{"woocommerce_id":872,"google_id":"online:de:AT:gla_872"},{"woocommerce_id":874,"google_id":"online:de:AT:gla_874"},{"woocommerce_id":897,"google_id":"online:de:AT:gla_897"},{"woocommerce_id":898,"google_id":"online:de:AT:gla_898"},{"woocommerce_id":899,"google_id":"online:de:AT:gla_899"},{"woocommerce_id":900,"google_id":"online:de:AT:gla_900"},{"woocommerce_id":915,"google_id":"online:de:AT:gla_915"},{"woocommerce_id":949,"google_id":"online:de:AT:gla_949"},{"woocommerce_id":975,"google_id":"online:de:AT:gla_975"},{"woocommerce_id":976,"google_id":"online:de:AT:gla_976"},{"woocommerce_id":1013,"google_id":"online:de:AT:gla_1013"},{"woocommerce_id":1053,"google_id":"online:de:AT:gla_1053"},{"woocommerce_id":1054,"google_id":"online:de:AT:gla_1054"},{"woocommerce_id":1669,"google_id":"online:de:AT:gla_1669"},{"woocommerce_id":1668,"google_id":"online:de:AT:gla_1668"},{"woocommerce_id":1668,"google_id":"online:de:AT:gla_1668"},{"woocommerce_id":1669,"google_id":"online:de:AT:gla_1669"},{"woocommerce_id":1961,"google_id":"online:de:AT:gla_1961"}]
